{"C:\\Users\\amand\\Documents\\Bootcamp Phase 2  - 2\\IP-RMT48\\server\\app.js": {"path":"C:\\Users\\amand\\Documents\\Bootcamp Phase 2  - 2\\IP-RMT48\\server\\app.js","statementMap":{"0":{"start":{"line":1,"column":0},"end":{"line":3,"column":1}},"1":{"start":{"line":2,"column":4},"end":{"line":2,"column":30}},"2":{"start":{"line":5,"column":16},"end":{"line":5,"column":34}},"3":{"start":{"line":6,"column":15},"end":{"line":6,"column":34}},"4":{"start":{"line":7,"column":21},"end":{"line":7,"column":58}},"5":{"start":{"line":8,"column":12},"end":{"line":8,"column":21}},"6":{"start":{"line":10,"column":13},"end":{"line":10,"column":28}},"7":{"start":{"line":12,"column":0},"end":{"line":17,"column":2}},"8":{"start":{"line":13,"column":4},"end":{"line":15,"column":6}},"9":{"start":{"line":14,"column":8},"end":{"line":14,"column":29}},"10":{"start":{"line":16,"column":4},"end":{"line":16,"column":10}},"11":{"start":{"line":20,"column":0},"end":{"line":20,"column":49}},"12":{"start":{"line":21,"column":0},"end":{"line":21,"column":24}},"13":{"start":{"line":22,"column":0},"end":{"line":22,"column":15}},"14":{"start":{"line":24,"column":0},"end":{"line":24,"column":16}},"15":{"start":{"line":25,"column":0},"end":{"line":25,"column":22}},"16":{"start":{"line":27,"column":0},"end":{"line":27,"column":20}}},"fnMap":{"0":{"name":"(anonymous_0)","decl":{"start":{"line":12,"column":8},"end":{"line":12,"column":9}},"loc":{"start":{"line":12,"column":34},"end":{"line":17,"column":1}},"line":12},"1":{"name":"(anonymous_1)","decl":{"start":{"line":13,"column":22},"end":{"line":13,"column":23}},"loc":{"start":{"line":13,"column":31},"end":{"line":15,"column":5}},"line":13}},"branchMap":{"0":{"loc":{"start":{"line":1,"column":0},"end":{"line":3,"column":1}},"type":"if","locations":[{"start":{"line":1,"column":0},"end":{"line":3,"column":1}},{"start":{},"end":{}}],"line":1}},"s":{"0":2,"1":2,"2":2,"3":2,"4":2,"5":2,"6":2,"7":2,"8":8,"9":8,"10":8,"11":2,"12":2,"13":2,"14":2,"15":2,"16":2},"f":{"0":8,"1":8},"b":{"0":[2,0]},"_coverageSchema":"1a1c01bbd47fc00a2c39e90264f33305004495a9","hash":"26d653d4ffd2c87c7079d542f03577f9affde1bc"}
,"C:\\Users\\amand\\Documents\\Bootcamp Phase 2  - 2\\IP-RMT48\\server\\controllers\\ManhwaAndMangaControllers.js": {"path":"C:\\Users\\amand\\Documents\\Bootcamp Phase 2  - 2\\IP-RMT48\\server\\controllers\\ManhwaAndMangaControllers.js","statementMap":{"0":{"start":{"line":1,"column":27},"end":{"line":1,"column":47}},"1":{"start":{"line":2,"column":23},"end":{"line":2,"column":62}},"2":{"start":{"line":3,"column":14},"end":{"line":3,"column":30}},"3":{"start":{"line":8,"column":8},"end":{"line":36,"column":9}},"4":{"start":{"line":9,"column":29},"end":{"line":12,"column":16}},"5":{"start":{"line":13,"column":32},"end":{"line":13,"column":34}},"6":{"start":{"line":14,"column":14},"end":{"line":31,"column":13}},"7":{"start":{"line":14,"column":31},"end":{"line":14,"column":32}},"8":{"start":{"line":15,"column":30},"end":{"line":15,"column":55}},"9":{"start":{"line":16,"column":16},"end":{"line":16,"column":34}},"10":{"start":{"line":17,"column":37},"end":{"line":24,"column":17}},"11":{"start":{"line":21,"column":24},"end":{"line":21,"column":64}},"12":{"start":{"line":25,"column":38},"end":{"line":28,"column":18}},"13":{"start":{"line":29,"column":16},"end":{"line":29,"column":163}},"14":{"start":{"line":30,"column":16},"end":{"line":30,"column":44}},"15":{"start":{"line":32,"column":14},"end":{"line":32,"column":33}},"16":{"start":{"line":34,"column":12},"end":{"line":34,"column":31}},"17":{"start":{"line":35,"column":12},"end":{"line":35,"column":24}},"18":{"start":{"line":40,"column":8},"end":{"line":52,"column":9}},"19":{"start":{"line":41,"column":27},"end":{"line":41,"column":37}},"20":{"start":{"line":42,"column":28},"end":{"line":45,"column":13}},"21":{"start":{"line":46,"column":29},"end":{"line":46,"column":57}},"22":{"start":{"line":47,"column":12},"end":{"line":47,"column":50}},"23":{"start":{"line":47,"column":23},"end":{"line":47,"column":50}},"24":{"start":{"line":48,"column":12},"end":{"line":48,"column":39}},"25":{"start":{"line":50,"column":12},"end":{"line":50,"column":31}},"26":{"start":{"line":51,"column":12},"end":{"line":51,"column":24}},"27":{"start":{"line":56,"column":8},"end":{"line":62,"column":9}},"28":{"start":{"line":57,"column":30},"end":{"line":57,"column":54}},"29":{"start":{"line":58,"column":12},"end":{"line":58,"column":44}},"30":{"start":{"line":60,"column":12},"end":{"line":60,"column":30}},"31":{"start":{"line":61,"column":12},"end":{"line":61,"column":23}},"32":{"start":{"line":66,"column":8},"end":{"line":96,"column":9}},"33":{"start":{"line":67,"column":27},"end":{"line":67,"column":37}},"34":{"start":{"line":68,"column":39},"end":{"line":70,"column":14}},"35":{"start":{"line":71,"column":12},"end":{"line":71,"column":68}},"36":{"start":{"line":72,"column":12},"end":{"line":72,"column":64}},"37":{"start":{"line":72,"column":36},"end":{"line":72,"column":64}},"38":{"start":{"line":74,"column":28},"end":{"line":77,"column":13}},"39":{"start":{"line":78,"column":29},"end":{"line":78,"column":57}},"40":{"start":{"line":80,"column":12},"end":{"line":80,"column":50}},"41":{"start":{"line":80,"column":23},"end":{"line":80,"column":50}},"42":{"start":{"line":82,"column":24},"end":{"line":88,"column":14}},"43":{"start":{"line":89,"column":12},"end":{"line":92,"column":15}},"44":{"start":{"line":94,"column":12},"end":{"line":94,"column":30}},"45":{"start":{"line":95,"column":12},"end":{"line":95,"column":24}},"46":{"start":{"line":100,"column":8},"end":{"line":114,"column":9}},"47":{"start":{"line":101,"column":27},"end":{"line":101,"column":37}},"48":{"start":{"line":102,"column":29},"end":{"line":102,"column":85}},"49":{"start":{"line":103,"column":12},"end":{"line":103,"column":54}},"50":{"start":{"line":103,"column":27},"end":{"line":103,"column":54}},"51":{"start":{"line":104,"column":12},"end":{"line":106,"column":15}},"52":{"start":{"line":108,"column":12},"end":{"line":110,"column":15}},"53":{"start":{"line":112,"column":12},"end":{"line":112,"column":31}},"54":{"start":{"line":113,"column":12},"end":{"line":113,"column":24}},"55":{"start":{"line":118,"column":0},"end":{"line":118,"column":41}}},"fnMap":{"0":{"name":"(anonymous_0)","decl":{"start":{"line":7,"column":4},"end":{"line":7,"column":5}},"loc":{"start":{"line":7,"column":56},"end":{"line":37,"column":5}},"line":7},"1":{"name":"(anonymous_1)","decl":{"start":{"line":20,"column":55},"end":{"line":20,"column":56}},"loc":{"start":{"line":20,"column":71},"end":{"line":22,"column":21}},"line":20},"2":{"name":"(anonymous_2)","decl":{"start":{"line":39,"column":4},"end":{"line":39,"column":5}},"loc":{"start":{"line":39,"column":55},"end":{"line":53,"column":5}},"line":39},"3":{"name":"(anonymous_3)","decl":{"start":{"line":55,"column":4},"end":{"line":55,"column":5}},"loc":{"start":{"line":55,"column":61},"end":{"line":63,"column":5}},"line":55},"4":{"name":"(anonymous_4)","decl":{"start":{"line":65,"column":4},"end":{"line":65,"column":5}},"loc":{"start":{"line":65,"column":60},"end":{"line":97,"column":5}},"line":65},"5":{"name":"(anonymous_5)","decl":{"start":{"line":99,"column":4},"end":{"line":99,"column":5}},"loc":{"start":{"line":99,"column":62},"end":{"line":115,"column":5}},"line":99}},"branchMap":{"0":{"loc":{"start":{"line":47,"column":12},"end":{"line":47,"column":50}},"type":"if","locations":[{"start":{"line":47,"column":12},"end":{"line":47,"column":50}},{"start":{},"end":{}}],"line":47},"1":{"loc":{"start":{"line":72,"column":12},"end":{"line":72,"column":64}},"type":"if","locations":[{"start":{"line":72,"column":12},"end":{"line":72,"column":64}},{"start":{},"end":{}}],"line":72},"2":{"loc":{"start":{"line":80,"column":12},"end":{"line":80,"column":50}},"type":"if","locations":[{"start":{"line":80,"column":12},"end":{"line":80,"column":50}},{"start":{},"end":{}}],"line":80},"3":{"loc":{"start":{"line":103,"column":12},"end":{"line":103,"column":54}},"type":"if","locations":[{"start":{"line":103,"column":12},"end":{"line":103,"column":54}},{"start":{},"end":{}}],"line":103}},"s":{"0":2,"1":2,"2":2,"3":0,"4":0,"5":0,"6":0,"7":0,"8":0,"9":0,"10":0,"11":0,"12":0,"13":0,"14":0,"15":0,"16":0,"17":0,"18":0,"19":0,"20":0,"21":0,"22":0,"23":0,"24":0,"25":0,"26":0,"27":0,"28":0,"29":0,"30":0,"31":0,"32":0,"33":0,"34":0,"35":0,"36":0,"37":0,"38":0,"39":0,"40":0,"41":0,"42":0,"43":0,"44":0,"45":0,"46":0,"47":0,"48":0,"49":0,"50":0,"51":0,"52":0,"53":0,"54":0,"55":2},"f":{"0":0,"1":0,"2":0,"3":0,"4":0,"5":0},"b":{"0":[0,0],"1":[0,0],"2":[0,0],"3":[0,0]},"_coverageSchema":"1a1c01bbd47fc00a2c39e90264f33305004495a9","hash":"5f40509988bf3e73634227bda05980021cacfa0a"}
,"C:\\Users\\amand\\Documents\\Bootcamp Phase 2  - 2\\IP-RMT48\\server\\controllers\\UserControllers.js": {"path":"C:\\Users\\amand\\Documents\\Bootcamp Phase 2  - 2\\IP-RMT48\\server\\controllers\\UserControllers.js","statementMap":{"0":{"start":{"line":1,"column":28},"end":{"line":1,"column":55}},"1":{"start":{"line":2,"column":24},"end":{"line":2,"column":48}},"2":{"start":{"line":3,"column":17},"end":{"line":3,"column":37}},"3":{"start":{"line":4,"column":15},"end":{"line":4,"column":35}},"4":{"start":{"line":5,"column":19},"end":{"line":5,"column":43}},"5":{"start":{"line":6,"column":0},"end":{"line":10,"column":2}},"6":{"start":{"line":14,"column":8},"end":{"line":20,"column":9}},"7":{"start":{"line":15,"column":80},"end":{"line":15,"column":88}},"8":{"start":{"line":16,"column":25},"end":{"line":16,"column":105}},"9":{"start":{"line":17,"column":12},"end":{"line":17,"column":122}},"10":{"start":{"line":19,"column":12},"end":{"line":19,"column":23}},"11":{"start":{"line":24,"column":8},"end":{"line":55,"column":9}},"12":{"start":{"line":25,"column":48},"end":{"line":25,"column":56}},"13":{"start":{"line":28,"column":12},"end":{"line":34,"column":13}},"14":{"start":{"line":29,"column":16},"end":{"line":33,"column":18}},"15":{"start":{"line":35,"column":12},"end":{"line":41,"column":13}},"16":{"start":{"line":36,"column":16},"end":{"line":40,"column":18}},"17":{"start":{"line":43,"column":12},"end":{"line":43,"column":78}},"18":{"start":{"line":43,"column":23},"end":{"line":43,"column":78}},"19":{"start":{"line":44,"column":38},"end":{"line":44,"column":78}},"20":{"start":{"line":45,"column":12},"end":{"line":45,"column":101}},"21":{"start":{"line":45,"column":46},"end":{"line":45,"column":101}},"22":{"start":{"line":46,"column":24},"end":{"line":48,"column":14}},"23":{"start":{"line":49,"column":12},"end":{"line":52,"column":14}},"24":{"start":{"line":54,"column":12},"end":{"line":54,"column":23}},"25":{"start":{"line":59,"column":8},"end":{"line":69,"column":9}},"26":{"start":{"line":60,"column":12},"end":{"line":60,"column":44}},"27":{"start":{"line":61,"column":23},"end":{"line":63,"column":14}},"28":{"start":{"line":64,"column":12},"end":{"line":64,"column":50}},"29":{"start":{"line":64,"column":23},"end":{"line":64,"column":50}},"30":{"start":{"line":65,"column":12},"end":{"line":65,"column":39}},"31":{"start":{"line":67,"column":12},"end":{"line":67,"column":36}},"32":{"start":{"line":68,"column":12},"end":{"line":68,"column":24}},"33":{"start":{"line":73,"column":8},"end":{"line":96,"column":9}},"34":{"start":{"line":74,"column":12},"end":{"line":74,"column":42}},"35":{"start":{"line":75,"column":12},"end":{"line":75,"column":33}},"36":{"start":{"line":77,"column":25},"end":{"line":77,"column":60}},"37":{"start":{"line":78,"column":12},"end":{"line":78,"column":53}},"38":{"start":{"line":78,"column":22},"end":{"line":78,"column":53}},"39":{"start":{"line":80,"column":33},"end":{"line":80,"column":67}},"40":{"start":{"line":81,"column":28},"end":{"line":81,"column":78}},"41":{"start":{"line":82,"column":12},"end":{"line":82,"column":32}},"42":{"start":{"line":84,"column":27},"end":{"line":87,"column":14}},"43":{"start":{"line":89,"column":12},"end":{"line":91,"column":14}},"44":{"start":{"line":93,"column":12},"end":{"line":93,"column":72}},"45":{"start":{"line":95,"column":12},"end":{"line":95,"column":23}},"46":{"start":{"line":100,"column":0},"end":{"line":100,"column":32}}},"fnMap":{"0":{"name":"(anonymous_0)","decl":{"start":{"line":13,"column":4},"end":{"line":13,"column":5}},"loc":{"start":{"line":13,"column":42},"end":{"line":21,"column":5}},"line":13},"1":{"name":"(anonymous_1)","decl":{"start":{"line":23,"column":4},"end":{"line":23,"column":5}},"loc":{"start":{"line":23,"column":43},"end":{"line":56,"column":5}},"line":23},"2":{"name":"(anonymous_2)","decl":{"start":{"line":58,"column":4},"end":{"line":58,"column":5}},"loc":{"start":{"line":58,"column":43},"end":{"line":70,"column":5}},"line":58},"3":{"name":"(anonymous_3)","decl":{"start":{"line":72,"column":4},"end":{"line":72,"column":5}},"loc":{"start":{"line":72,"column":47},"end":{"line":97,"column":5}},"line":72}},"branchMap":{"0":{"loc":{"start":{"line":28,"column":12},"end":{"line":34,"column":13}},"type":"if","locations":[{"start":{"line":28,"column":12},"end":{"line":34,"column":13}},{"start":{},"end":{}}],"line":28},"1":{"loc":{"start":{"line":35,"column":12},"end":{"line":41,"column":13}},"type":"if","locations":[{"start":{"line":35,"column":12},"end":{"line":41,"column":13}},{"start":{},"end":{}}],"line":35},"2":{"loc":{"start":{"line":43,"column":12},"end":{"line":43,"column":78}},"type":"if","locations":[{"start":{"line":43,"column":12},"end":{"line":43,"column":78}},{"start":{},"end":{}}],"line":43},"3":{"loc":{"start":{"line":45,"column":12},"end":{"line":45,"column":101}},"type":"if","locations":[{"start":{"line":45,"column":12},"end":{"line":45,"column":101}},{"start":{},"end":{}}],"line":45},"4":{"loc":{"start":{"line":45,"column":15},"end":{"line":45,"column":44}},"type":"binary-expr","locations":[{"start":{"line":45,"column":15},"end":{"line":45,"column":20}},{"start":{"line":45,"column":24},"end":{"line":45,"column":44}}],"line":45},"5":{"loc":{"start":{"line":64,"column":12},"end":{"line":64,"column":50}},"type":"if","locations":[{"start":{"line":64,"column":12},"end":{"line":64,"column":50}},{"start":{},"end":{}}],"line":64},"6":{"loc":{"start":{"line":78,"column":12},"end":{"line":78,"column":53}},"type":"if","locations":[{"start":{"line":78,"column":12},"end":{"line":78,"column":53}},{"start":{},"end":{}}],"line":78}},"s":{"0":2,"1":2,"2":2,"3":2,"4":2,"5":2,"6":1,"7":1,"8":1,"9":0,"10":1,"11":5,"12":5,"13":5,"14":2,"15":3,"16":0,"17":3,"18":3,"19":0,"20":0,"21":0,"22":0,"23":0,"24":5,"25":0,"26":0,"27":0,"28":0,"29":0,"30":0,"31":0,"32":0,"33":0,"34":0,"35":0,"36":0,"37":0,"38":0,"39":0,"40":0,"41":0,"42":0,"43":0,"44":0,"45":0,"46":2},"f":{"0":1,"1":5,"2":0,"3":0},"b":{"0":[2,3],"1":[0,3],"2":[3,0],"3":[0,0],"4":[0,0],"5":[0,0],"6":[0,0]},"_coverageSchema":"1a1c01bbd47fc00a2c39e90264f33305004495a9","hash":"3befc844c007a0dda4b262538acf338f9943873e"}
,"C:\\Users\\amand\\Documents\\Bootcamp Phase 2  - 2\\IP-RMT48\\server\\helper\\bcrypt.js": {"path":"C:\\Users\\amand\\Documents\\Bootcamp Phase 2  - 2\\IP-RMT48\\server\\helper\\bcrypt.js","statementMap":{"0":{"start":{"line":1,"column":33},"end":{"line":1,"column":52}},"1":{"start":{"line":3,"column":0},"end":{"line":6,"column":1}},"2":{"start":{"line":4,"column":32},"end":{"line":4,"column":50}},"3":{"start":{"line":5,"column":55},"end":{"line":5,"column":96}}},"fnMap":{"0":{"name":"(anonymous_0)","decl":{"start":{"line":4,"column":18},"end":{"line":4,"column":19}},"loc":{"start":{"line":4,"column":32},"end":{"line":4,"column":50}},"line":4},"1":{"name":"(anonymous_1)","decl":{"start":{"line":5,"column":21},"end":{"line":5,"column":22}},"loc":{"start":{"line":5,"column":55},"end":{"line":5,"column":96}},"line":5}},"branchMap":{},"s":{"0":2,"1":2,"2":1,"3":0},"f":{"0":1,"1":0},"b":{},"_coverageSchema":"1a1c01bbd47fc00a2c39e90264f33305004495a9","hash":"5c1163fa81726243c68e5a9066e5bf2df39cfd21"}
,"C:\\Users\\amand\\Documents\\Bootcamp Phase 2  - 2\\IP-RMT48\\server\\helper\\jwt.js": {"path":"C:\\Users\\amand\\Documents\\Bootcamp Phase 2  - 2\\IP-RMT48\\server\\helper\\jwt.js","statementMap":{"0":{"start":{"line":1,"column":12},"end":{"line":1,"column":35}},"1":{"start":{"line":2,"column":15},"end":{"line":2,"column":37}},"2":{"start":{"line":4,"column":20},"end":{"line":7,"column":1}},"3":{"start":{"line":5,"column":16},"end":{"line":5,"column":41}},"4":{"start":{"line":6,"column":4},"end":{"line":6,"column":16}},"5":{"start":{"line":9,"column":20},"end":{"line":12,"column":1}},"6":{"start":{"line":10,"column":18},"end":{"line":10,"column":43}},"7":{"start":{"line":11,"column":4},"end":{"line":11,"column":18}},"8":{"start":{"line":14,"column":0},"end":{"line":14,"column":45}}},"fnMap":{"0":{"name":"(anonymous_0)","decl":{"start":{"line":4,"column":20},"end":{"line":4,"column":21}},"loc":{"start":{"line":4,"column":33},"end":{"line":7,"column":1}},"line":4},"1":{"name":"(anonymous_1)","decl":{"start":{"line":9,"column":20},"end":{"line":9,"column":21}},"loc":{"start":{"line":9,"column":31},"end":{"line":12,"column":1}},"line":9}},"branchMap":{},"s":{"0":2,"1":2,"2":2,"3":0,"4":0,"5":2,"6":1,"7":0,"8":2},"f":{"0":0,"1":1},"b":{},"_coverageSchema":"1a1c01bbd47fc00a2c39e90264f33305004495a9","hash":"b5bdf9b09563b9c486803e3ba9fe4057d9a73f88"}
,"C:\\Users\\amand\\Documents\\Bootcamp Phase 2  - 2\\IP-RMT48\\server\\middleware\\authentication.js": {"path":"C:\\Users\\amand\\Documents\\Bootcamp Phase 2  - 2\\IP-RMT48\\server\\middleware\\authentication.js","statementMap":{"0":{"start":{"line":1,"column":24},"end":{"line":1,"column":48}},"1":{"start":{"line":2,"column":17},"end":{"line":2,"column":37}},"2":{"start":{"line":3,"column":23},"end":{"line":28,"column":1}},"3":{"start":{"line":4,"column":4},"end":{"line":27,"column":5}},"4":{"start":{"line":5,"column":27},"end":{"line":5,"column":52}},"5":{"start":{"line":6,"column":8},"end":{"line":6,"column":65}},"6":{"start":{"line":7,"column":8},"end":{"line":9,"column":9}},"7":{"start":{"line":8,"column":12},"end":{"line":8,"column":47}},"8":{"start":{"line":10,"column":30},"end":{"line":10,"column":53}},"9":{"start":{"line":11,"column":8},"end":{"line":13,"column":9}},"10":{"start":{"line":12,"column":12},"end":{"line":12,"column":47}},"11":{"start":{"line":14,"column":22},"end":{"line":14,"column":40}},"12":{"start":{"line":15,"column":19},"end":{"line":15,"column":50}},"13":{"start":{"line":16,"column":8},"end":{"line":18,"column":9}},"14":{"start":{"line":17,"column":12},"end":{"line":17,"column":47}},"15":{"start":{"line":20,"column":8},"end":{"line":23,"column":9}},"16":{"start":{"line":24,"column":8},"end":{"line":24,"column":14}},"17":{"start":{"line":26,"column":8},"end":{"line":26,"column":19}},"18":{"start":{"line":30,"column":0},"end":{"line":30,"column":31}}},"fnMap":{"0":{"name":"(anonymous_0)","decl":{"start":{"line":3,"column":23},"end":{"line":3,"column":24}},"loc":{"start":{"line":3,"column":49},"end":{"line":28,"column":1}},"line":3}},"branchMap":{"0":{"loc":{"start":{"line":7,"column":8},"end":{"line":9,"column":9}},"type":"if","locations":[{"start":{"line":7,"column":8},"end":{"line":9,"column":9}},{"start":{},"end":{}}],"line":7},"1":{"loc":{"start":{"line":11,"column":8},"end":{"line":13,"column":9}},"type":"if","locations":[{"start":{"line":11,"column":8},"end":{"line":13,"column":9}},{"start":{},"end":{}}],"line":11},"2":{"loc":{"start":{"line":16,"column":8},"end":{"line":18,"column":9}},"type":"if","locations":[{"start":{"line":16,"column":8},"end":{"line":18,"column":9}},{"start":{},"end":{}}],"line":16}},"s":{"0":2,"1":2,"2":2,"3":1,"4":1,"5":1,"6":1,"7":0,"8":1,"9":1,"10":0,"11":1,"12":0,"13":0,"14":0,"15":0,"16":0,"17":1,"18":2},"f":{"0":1},"b":{"0":[0,1],"1":[0,1],"2":[0,0]},"_coverageSchema":"1a1c01bbd47fc00a2c39e90264f33305004495a9","hash":"f767ba1ed472d73fce7736f055ddc3950cc75d1c"}
,"C:\\Users\\amand\\Documents\\Bootcamp Phase 2  - 2\\IP-RMT48\\server\\middleware\\errorHandler.js": {"path":"C:\\Users\\amand\\Documents\\Bootcamp Phase 2  - 2\\IP-RMT48\\server\\middleware\\errorHandler.js","statementMap":{"0":{"start":{"line":2,"column":17},"end":{"line":2,"column":29}},"1":{"start":{"line":3,"column":18},"end":{"line":3,"column":31}},"2":{"start":{"line":4,"column":4},"end":{"line":4,"column":50}},"3":{"start":{"line":5,"column":4},"end":{"line":37,"column":5}},"4":{"start":{"line":8,"column":12},"end":{"line":8,"column":25}},"5":{"start":{"line":9,"column":12},"end":{"line":9,"column":46}},"6":{"start":{"line":10,"column":12},"end":{"line":10,"column":18}},"7":{"start":{"line":12,"column":12},"end":{"line":12,"column":25}},"8":{"start":{"line":13,"column":12},"end":{"line":13,"column":46}},"9":{"start":{"line":14,"column":12},"end":{"line":14,"column":18}},"10":{"start":{"line":16,"column":12},"end":{"line":16,"column":25}},"11":{"start":{"line":17,"column":12},"end":{"line":17,"column":48}},"12":{"start":{"line":18,"column":12},"end":{"line":18,"column":18}},"13":{"start":{"line":20,"column":12},"end":{"line":20,"column":25}},"14":{"start":{"line":21,"column":12},"end":{"line":21,"column":40}},"15":{"start":{"line":22,"column":12},"end":{"line":22,"column":18}},"16":{"start":{"line":24,"column":12},"end":{"line":24,"column":25}},"17":{"start":{"line":25,"column":12},"end":{"line":25,"column":35}},"18":{"start":{"line":26,"column":12},"end":{"line":26,"column":18}},"19":{"start":{"line":28,"column":12},"end":{"line":28,"column":25}},"20":{"start":{"line":29,"column":12},"end":{"line":29,"column":68}},"21":{"start":{"line":30,"column":12},"end":{"line":30,"column":18}},"22":{"start":{"line":32,"column":12},"end":{"line":32,"column":25}},"23":{"start":{"line":33,"column":12},"end":{"line":33,"column":41}},"24":{"start":{"line":34,"column":12},"end":{"line":34,"column":18}},"25":{"start":{"line":36,"column":12},"end":{"line":36,"column":18}},"26":{"start":{"line":38,"column":4},"end":{"line":40,"column":6}},"27":{"start":{"line":43,"column":0},"end":{"line":43,"column":30}}},"fnMap":{"0":{"name":"errorHandler","decl":{"start":{"line":1,"column":9},"end":{"line":1,"column":21}},"loc":{"start":{"line":1,"column":46},"end":{"line":41,"column":1}},"line":1}},"branchMap":{"0":{"loc":{"start":{"line":5,"column":4},"end":{"line":37,"column":5}},"type":"switch","locations":[{"start":{"line":6,"column":8},"end":{"line":6,"column":40}},{"start":{"line":7,"column":8},"end":{"line":10,"column":18}},{"start":{"line":11,"column":8},"end":{"line":14,"column":18}},{"start":{"line":15,"column":8},"end":{"line":18,"column":18}},{"start":{"line":19,"column":8},"end":{"line":22,"column":18}},{"start":{"line":23,"column":8},"end":{"line":26,"column":18}},{"start":{"line":27,"column":8},"end":{"line":30,"column":18}},{"start":{"line":31,"column":8},"end":{"line":34,"column":18}},{"start":{"line":35,"column":8},"end":{"line":36,"column":18}}],"line":5}},"s":{"0":7,"1":7,"2":7,"3":7,"4":0,"5":0,"6":0,"7":0,"8":0,"9":0,"10":0,"11":0,"12":0,"13":0,"14":0,"15":0,"16":0,"17":0,"18":0,"19":3,"20":3,"21":3,"22":0,"23":0,"24":0,"25":4,"26":7,"27":2},"f":{"0":7},"b":{"0":[0,0,0,0,0,0,3,0,4]},"_coverageSchema":"1a1c01bbd47fc00a2c39e90264f33305004495a9","hash":"b5dab4888ab743137b8e64741f584b3a1251f47d"}
,"C:\\Users\\amand\\Documents\\Bootcamp Phase 2  - 2\\IP-RMT48\\server\\models\\favorite.js": {"path":"C:\\Users\\amand\\Documents\\Bootcamp Phase 2  - 2\\IP-RMT48\\server\\models\\favorite.js","statementMap":{"0":{"start":{"line":4,"column":4},"end":{"line":4,"column":24}},"1":{"start":{"line":5,"column":0},"end":{"line":22,"column":2}},"2":{"start":{"line":8,"column":6},"end":{"line":8,"column":37}},"3":{"start":{"line":11,"column":2},"end":{"line":20,"column":5}},"4":{"start":{"line":21,"column":2},"end":{"line":21,"column":18}}},"fnMap":{"0":{"name":"(anonymous_0)","decl":{"start":{"line":5,"column":17},"end":{"line":5,"column":18}},"loc":{"start":{"line":5,"column":43},"end":{"line":22,"column":1}},"line":5},"1":{"name":"(anonymous_1)","decl":{"start":{"line":7,"column":4},"end":{"line":7,"column":5}},"loc":{"start":{"line":7,"column":29},"end":{"line":9,"column":5}},"line":7}},"branchMap":{},"s":{"0":2,"1":2,"2":2,"3":2,"4":2},"f":{"0":2,"1":2},"b":{},"_coverageSchema":"1a1c01bbd47fc00a2c39e90264f33305004495a9","hash":"ee7a6eb13a4e9a84884bebff484213c76b5d37d5"}
,"C:\\Users\\amand\\Documents\\Bootcamp Phase 2  - 2\\IP-RMT48\\server\\models\\index.js": {"path":"C:\\Users\\amand\\Documents\\Bootcamp Phase 2  - 2\\IP-RMT48\\server\\models\\index.js","statementMap":{"0":{"start":{"line":3,"column":11},"end":{"line":3,"column":24}},"1":{"start":{"line":4,"column":13},"end":{"line":4,"column":28}},"2":{"start":{"line":5,"column":18},"end":{"line":5,"column":38}},"3":{"start":{"line":6,"column":16},"end":{"line":6,"column":34}},"4":{"start":{"line":7,"column":17},"end":{"line":7,"column":42}},"5":{"start":{"line":8,"column":12},"end":{"line":8,"column":49}},"6":{"start":{"line":9,"column":15},"end":{"line":9,"column":65}},"7":{"start":{"line":10,"column":11},"end":{"line":10,"column":13}},"8":{"start":{"line":13,"column":0},"end":{"line":17,"column":1}},"9":{"start":{"line":14,"column":2},"end":{"line":14,"column":74}},"10":{"start":{"line":16,"column":2},"end":{"line":16,"column":87}},"11":{"start":{"line":19,"column":0},"end":{"line":32,"column":5}},"12":{"start":{"line":22,"column":4},"end":{"line":27,"column":6}},"13":{"start":{"line":30,"column":18},"end":{"line":30,"column":85}},"14":{"start":{"line":31,"column":4},"end":{"line":31,"column":27}},"15":{"start":{"line":34,"column":0},"end":{"line":38,"column":3}},"16":{"start":{"line":35,"column":2},"end":{"line":37,"column":3}},"17":{"start":{"line":36,"column":4},"end":{"line":36,"column":32}},"18":{"start":{"line":40,"column":0},"end":{"line":40,"column":25}},"19":{"start":{"line":41,"column":0},"end":{"line":41,"column":25}},"20":{"start":{"line":43,"column":0},"end":{"line":43,"column":20}}},"fnMap":{"0":{"name":"(anonymous_0)","decl":{"start":{"line":21,"column":10},"end":{"line":21,"column":11}},"loc":{"start":{"line":21,"column":18},"end":{"line":28,"column":3}},"line":21},"1":{"name":"(anonymous_1)","decl":{"start":{"line":29,"column":11},"end":{"line":29,"column":12}},"loc":{"start":{"line":29,"column":19},"end":{"line":32,"column":3}},"line":29},"2":{"name":"(anonymous_2)","decl":{"start":{"line":34,"column":24},"end":{"line":34,"column":25}},"loc":{"start":{"line":34,"column":37},"end":{"line":38,"column":1}},"line":34}},"branchMap":{"0":{"loc":{"start":{"line":8,"column":12},"end":{"line":8,"column":49}},"type":"binary-expr","locations":[{"start":{"line":8,"column":12},"end":{"line":8,"column":32}},{"start":{"line":8,"column":36},"end":{"line":8,"column":49}}],"line":8},"1":{"loc":{"start":{"line":13,"column":0},"end":{"line":17,"column":1}},"type":"if","locations":[{"start":{"line":13,"column":0},"end":{"line":17,"column":1}},{"start":{"line":15,"column":7},"end":{"line":17,"column":1}}],"line":13},"2":{"loc":{"start":{"line":23,"column":6},"end":{"line":26,"column":37}},"type":"binary-expr","locations":[{"start":{"line":23,"column":6},"end":{"line":23,"column":29}},{"start":{"line":24,"column":6},"end":{"line":24,"column":23}},{"start":{"line":25,"column":6},"end":{"line":25,"column":30}},{"start":{"line":26,"column":6},"end":{"line":26,"column":37}}],"line":23},"3":{"loc":{"start":{"line":35,"column":2},"end":{"line":37,"column":3}},"type":"if","locations":[{"start":{"line":35,"column":2},"end":{"line":37,"column":3}},{"start":{},"end":{}}],"line":35}},"s":{"0":2,"1":2,"2":2,"3":2,"4":2,"5":2,"6":2,"7":2,"8":2,"9":0,"10":2,"11":2,"12":6,"13":4,"14":4,"15":2,"16":4,"17":4,"18":2,"19":2,"20":2},"f":{"0":6,"1":4,"2":4},"b":{"0":[2,0],"1":[0,2],"2":[6,6,4,4],"3":[4,0]},"_coverageSchema":"1a1c01bbd47fc00a2c39e90264f33305004495a9","hash":"cdc3f01124318ba4479c553b65b8234b0d3b02d3"}
,"C:\\Users\\amand\\Documents\\Bootcamp Phase 2  - 2\\IP-RMT48\\server\\models\\user.js": {"path":"C:\\Users\\amand\\Documents\\Bootcamp Phase 2  - 2\\IP-RMT48\\server\\models\\user.js","statementMap":{"0":{"start":{"line":4,"column":4},"end":{"line":4,"column":24}},"1":{"start":{"line":5,"column":25},"end":{"line":5,"column":52}},"2":{"start":{"line":6,"column":0},"end":{"line":71,"column":2}},"3":{"start":{"line":9,"column":6},"end":{"line":9,"column":35}},"4":{"start":{"line":12,"column":2},"end":{"line":69,"column":5}},"5":{"start":{"line":66,"column":8},"end":{"line":66,"column":51}},"6":{"start":{"line":70,"column":2},"end":{"line":70,"column":14}}},"fnMap":{"0":{"name":"(anonymous_0)","decl":{"start":{"line":6,"column":17},"end":{"line":6,"column":18}},"loc":{"start":{"line":6,"column":43},"end":{"line":71,"column":1}},"line":6},"1":{"name":"(anonymous_1)","decl":{"start":{"line":8,"column":4},"end":{"line":8,"column":5}},"loc":{"start":{"line":8,"column":29},"end":{"line":10,"column":5}},"line":8},"2":{"name":"(anonymous_2)","decl":{"start":{"line":65,"column":6},"end":{"line":65,"column":7}},"loc":{"start":{"line":65,"column":33},"end":{"line":67,"column":7}},"line":65}},"branchMap":{},"s":{"0":2,"1":2,"2":2,"3":2,"4":2,"5":1,"6":2},"f":{"0":2,"1":2,"2":1},"b":{},"_coverageSchema":"1a1c01bbd47fc00a2c39e90264f33305004495a9","hash":"03b36dbbedea819a76247e07ae6c21d6ef50539d"}
,"C:\\Users\\amand\\Documents\\Bootcamp Phase 2  - 2\\IP-RMT48\\server\\routes\\index.js": {"path":"C:\\Users\\amand\\Documents\\Bootcamp Phase 2  - 2\\IP-RMT48\\server\\routes\\index.js","statementMap":{"0":{"start":{"line":1,"column":16},"end":{"line":1,"column":34}},"1":{"start":{"line":2,"column":15},"end":{"line":2,"column":31}},"2":{"start":{"line":4,"column":0},"end":{"line":4,"column":39}},"3":{"start":{"line":5,"column":0},"end":{"line":5,"column":60}},"4":{"start":{"line":7,"column":0},"end":{"line":7,"column":24}}},"fnMap":{},"branchMap":{},"s":{"0":2,"1":2,"2":2,"3":2,"4":2},"f":{},"b":{},"_coverageSchema":"1a1c01bbd47fc00a2c39e90264f33305004495a9","hash":"7f59ac2924b97532d00a6db531851469b5ea30bc"}
,"C:\\Users\\amand\\Documents\\Bootcamp Phase 2  - 2\\IP-RMT48\\server\\routes\\manhwaandmanga.js": {"path":"C:\\Users\\amand\\Documents\\Bootcamp Phase 2  - 2\\IP-RMT48\\server\\routes\\manhwaandmanga.js","statementMap":{"0":{"start":{"line":1,"column":16},"end":{"line":1,"column":34}},"1":{"start":{"line":2,"column":33},"end":{"line":2,"column":84}},"2":{"start":{"line":3,"column":23},"end":{"line":3,"column":62}},"3":{"start":{"line":4,"column":15},"end":{"line":4,"column":31}},"4":{"start":{"line":6,"column":0},"end":{"line":6,"column":64}},"5":{"start":{"line":7,"column":0},"end":{"line":7,"column":95}},"6":{"start":{"line":8,"column":0},"end":{"line":8,"column":99}},"7":{"start":{"line":9,"column":0},"end":{"line":9,"column":103}},"8":{"start":{"line":10,"column":0},"end":{"line":10,"column":66}},"9":{"start":{"line":12,"column":0},"end":{"line":12,"column":24}}},"fnMap":{},"branchMap":{},"s":{"0":2,"1":2,"2":2,"3":2,"4":2,"5":2,"6":2,"7":2,"8":2,"9":2},"f":{},"b":{},"_coverageSchema":"1a1c01bbd47fc00a2c39e90264f33305004495a9","hash":"a8bca8dc0f24b1c200d1d678b0e5fea6719afab8"}
,"C:\\Users\\amand\\Documents\\Bootcamp Phase 2  - 2\\IP-RMT48\\server\\routes\\user.js": {"path":"C:\\Users\\amand\\Documents\\Bootcamp Phase 2  - 2\\IP-RMT48\\server\\routes\\user.js","statementMap":{"0":{"start":{"line":1,"column":16},"end":{"line":1,"column":34}},"1":{"start":{"line":2,"column":23},"end":{"line":2,"column":64}},"2":{"start":{"line":3,"column":23},"end":{"line":3,"column":62}},"3":{"start":{"line":4,"column":15},"end":{"line":4,"column":31}},"4":{"start":{"line":5,"column":15},"end":{"line":5,"column":32}},"5":{"start":{"line":6,"column":16},"end":{"line":6,"column":38}},"6":{"start":{"line":7,"column":15},"end":{"line":9,"column":2}},"7":{"start":{"line":11,"column":0},"end":{"line":11,"column":49}},"8":{"start":{"line":12,"column":0},"end":{"line":12,"column":47}},"9":{"start":{"line":13,"column":0},"end":{"line":13,"column":57}},"10":{"start":{"line":14,"column":0},"end":{"line":14,"column":90}},"11":{"start":{"line":16,"column":0},"end":{"line":16,"column":24}}},"fnMap":{},"branchMap":{},"s":{"0":2,"1":2,"2":2,"3":2,"4":2,"5":2,"6":2,"7":2,"8":2,"9":2,"10":2,"11":2},"f":{},"b":{},"_coverageSchema":"1a1c01bbd47fc00a2c39e90264f33305004495a9","hash":"55f9222a2c87a7c815e906e9951ed9c7d6533ece"}
}
