TN:
SF:app.js
FN:12,(anonymous_0)
FN:13,(anonymous_1)
FNF:2
FNH:2
FNDA:8,(anonymous_0)
FNDA:8,(anonymous_1)
DA:1,2
DA:2,2
DA:5,2
DA:6,2
DA:7,2
DA:8,2
DA:10,2
DA:12,2
DA:13,8
DA:14,8
DA:16,8
DA:20,2
DA:21,2
DA:22,2
DA:24,2
DA:25,2
DA:27,2
LF:17
LH:17
BRDA:1,0,0,2
BRDA:1,0,1,0
BRF:2
BRH:1
end_of_record
TN:
SF:controllers\ManhwaAndMangaControllers.js
FN:7,(anonymous_0)
FN:20,(anonymous_1)
FN:39,(anonymous_2)
FN:55,(anonymous_3)
FN:65,(anonymous_4)
FN:99,(anonymous_5)
FNF:6
FNH:0
FNDA:0,(anonymous_0)
FNDA:0,(anonymous_1)
FNDA:0,(anonymous_2)
FNDA:0,(anonymous_3)
FNDA:0,(anonymous_4)
FNDA:0,(anonymous_5)
DA:1,2
DA:2,2
DA:3,2
DA:8,0
DA:9,0
DA:13,0
DA:14,0
DA:15,0
DA:16,0
DA:17,0
DA:21,0
DA:25,0
DA:29,0
DA:30,0
DA:32,0
DA:34,0
DA:35,0
DA:40,0
DA:41,0
DA:42,0
DA:46,0
DA:47,0
DA:48,0
DA:50,0
DA:51,0
DA:56,0
DA:57,0
DA:58,0
DA:60,0
DA:61,0
DA:66,0
DA:67,0
DA:68,0
DA:71,0
DA:72,0
DA:74,0
DA:78,0
DA:80,0
DA:82,0
DA:89,0
DA:94,0
DA:95,0
DA:100,0
DA:101,0
DA:102,0
DA:103,0
DA:104,0
DA:108,0
DA:112,0
DA:113,0
DA:118,2
LF:51
LH:4
BRDA:47,0,0,0
BRDA:47,0,1,0
BRDA:72,1,0,0
BRDA:72,1,1,0
BRDA:80,2,0,0
BRDA:80,2,1,0
BRDA:103,3,0,0
BRDA:103,3,1,0
BRF:8
BRH:0
end_of_record
TN:
SF:controllers\UserControllers.js
FN:13,(anonymous_0)
FN:23,(anonymous_1)
FN:58,(anonymous_2)
FN:72,(anonymous_3)
FNF:4
FNH:2
FNDA:1,(anonymous_0)
FNDA:5,(anonymous_1)
FNDA:0,(anonymous_2)
FNDA:0,(anonymous_3)
DA:1,2
DA:2,2
DA:3,2
DA:4,2
DA:5,2
DA:6,2
DA:14,1
DA:15,1
DA:16,1
DA:17,0
DA:19,1
DA:24,5
DA:25,5
DA:28,5
DA:29,2
DA:35,3
DA:36,0
DA:43,3
DA:44,0
DA:45,0
DA:46,0
DA:49,0
DA:54,5
DA:59,0
DA:60,0
DA:61,0
DA:64,0
DA:65,0
DA:67,0
DA:68,0
DA:73,0
DA:74,0
DA:75,0
DA:77,0
DA:78,0
DA:80,0
DA:81,0
DA:82,0
DA:84,0
DA:89,0
DA:93,0
DA:95,0
DA:100,2
LF:43
LH:18
BRDA:28,0,0,2
BRDA:28,0,1,3
BRDA:35,1,0,0
BRDA:35,1,1,3
BRDA:43,2,0,3
BRDA:43,2,1,0
BRDA:45,3,0,0
BRDA:45,3,1,0
BRDA:45,4,0,0
BRDA:45,4,1,0
BRDA:64,5,0,0
BRDA:64,5,1,0
BRDA:78,6,0,0
BRDA:78,6,1,0
BRF:14
BRH:4
end_of_record
TN:
SF:helper\bcrypt.js
FN:4,(anonymous_0)
FN:5,(anonymous_1)
FNF:2
FNH:1
FNDA:1,(anonymous_0)
FNDA:0,(anonymous_1)
DA:1,2
DA:3,2
DA:4,1
DA:5,0
LF:4
LH:3
BRF:0
BRH:0
end_of_record
TN:
SF:helper\jwt.js
FN:4,(anonymous_0)
FN:9,(anonymous_1)
FNF:2
FNH:1
FNDA:0,(anonymous_0)
FNDA:1,(anonymous_1)
DA:1,2
DA:2,2
DA:4,2
DA:5,0
DA:6,0
DA:9,2
DA:10,1
DA:11,0
DA:14,2
LF:9
LH:6
BRF:0
BRH:0
end_of_record
TN:
SF:middleware\authentication.js
FN:3,(anonymous_0)
FNF:1
FNH:1
FNDA:1,(anonymous_0)
DA:1,2
DA:2,2
DA:3,2
DA:4,1
DA:5,1
DA:6,1
DA:7,1
DA:8,0
DA:10,1
DA:11,1
DA:12,0
DA:14,1
DA:15,0
DA:16,0
DA:17,0
DA:20,0
DA:24,0
DA:26,1
DA:30,2
LF:19
LH:12
BRDA:7,0,0,0
BRDA:7,0,1,1
BRDA:11,1,0,0
BRDA:11,1,1,1
BRDA:16,2,0,0
BRDA:16,2,1,0
BRF:6
BRH:2
end_of_record
TN:
SF:middleware\errorHandler.js
FN:1,errorHandler
FNF:1
FNH:1
FNDA:7,errorHandler
DA:2,7
DA:3,7
DA:4,7
DA:5,7
DA:8,0
DA:9,0
DA:10,0
DA:12,0
DA:13,0
DA:14,0
DA:16,0
DA:17,0
DA:18,0
DA:20,0
DA:21,0
DA:22,0
DA:24,0
DA:25,0
DA:26,0
DA:28,3
DA:29,3
DA:30,3
DA:32,0
DA:33,0
DA:34,0
DA:36,4
DA:38,7
DA:43,2
LF:28
LH:10
BRDA:5,0,0,0
BRDA:5,0,1,0
BRDA:5,0,2,0
BRDA:5,0,3,0
BRDA:5,0,4,0
BRDA:5,0,5,0
BRDA:5,0,6,3
BRDA:5,0,7,0
BRDA:5,0,8,4
BRF:9
BRH:2
end_of_record
TN:
SF:models\favorite.js
FN:5,(anonymous_0)
FN:7,(anonymous_1)
FNF:2
FNH:2
FNDA:2,(anonymous_0)
FNDA:2,(anonymous_1)
DA:4,2
DA:5,2
DA:8,2
DA:11,2
DA:21,2
LF:5
LH:5
BRF:0
BRH:0
end_of_record
TN:
SF:models\index.js
FN:21,(anonymous_0)
FN:29,(anonymous_1)
FN:34,(anonymous_2)
FNF:3
FNH:3
FNDA:6,(anonymous_0)
FNDA:4,(anonymous_1)
FNDA:4,(anonymous_2)
DA:3,2
DA:4,2
DA:5,2
DA:6,2
DA:7,2
DA:8,2
DA:9,2
DA:10,2
DA:13,2
DA:14,0
DA:16,2
DA:19,2
DA:22,6
DA:30,4
DA:31,4
DA:34,2
DA:35,4
DA:36,4
DA:40,2
DA:41,2
DA:43,2
LF:21
LH:20
BRDA:8,0,0,2
BRDA:8,0,1,0
BRDA:13,1,0,0
BRDA:13,1,1,2
BRDA:23,2,0,6
BRDA:23,2,1,6
BRDA:23,2,2,4
BRDA:23,2,3,4
BRDA:35,3,0,4
BRDA:35,3,1,0
BRF:10
BRH:7
end_of_record
TN:
SF:models\user.js
FN:6,(anonymous_0)
FN:8,(anonymous_1)
FN:65,(anonymous_2)
FNF:3
FNH:3
FNDA:2,(anonymous_0)
FNDA:2,(anonymous_1)
FNDA:1,(anonymous_2)
DA:4,2
DA:5,2
DA:6,2
DA:9,2
DA:12,2
DA:66,1
DA:70,2
LF:7
LH:7
BRF:0
BRH:0
end_of_record
TN:
SF:routes\index.js
FNF:0
FNH:0
DA:1,2
DA:2,2
DA:4,2
DA:5,2
DA:7,2
LF:5
LH:5
BRF:0
BRH:0
end_of_record
TN:
SF:routes\manhwaandmanga.js
FNF:0
FNH:0
DA:1,2
DA:2,2
DA:3,2
DA:4,2
DA:6,2
DA:7,2
DA:8,2
DA:9,2
DA:10,2
DA:12,2
LF:10
LH:10
BRF:0
BRH:0
end_of_record
TN:
SF:routes\user.js
FNF:0
FNH:0
DA:1,2
DA:2,2
DA:3,2
DA:4,2
DA:5,2
DA:6,2
DA:7,2
DA:11,2
DA:12,2
DA:13,2
DA:14,2
DA:16,2
LF:12
LH:12
BRF:0
BRH:0
end_of_record
